生成启动时间为 2017/10/18 22:02:46。
     1>项目“D:\visual studio 2010\Projects\unit20\chat_clnt_win\chat_clnt_win\chat_clnt_win.vcxproj”在节点 2 上(build 个目标)。
     1>InitializeBuildStatus:
         正在创建“Debug\chat_clnt_win.unsuccessfulbuild”，因为已指定“AlwaysCreate”。
       ClCompile:
         d:\Program Files (x86)\Microsoft Visual Studio 10.0\VC\bin\CL.exe /c /ZI /nologo /W3 /WX- /Od /Oy- /D _MBCS /Gm /EHsc /RTC1 /MDd /GS /fp:precise /Zc:wchar_t /Zc:forScope /Fo"Debug\\" /Fd"Debug\vc100.pdb" /Gd /TP /analyze- /errorReport:prompt chat_clnt_win.cpp
         chat_clnt_win.cpp
     1>d:\visual studio 2010\projects\unit20\chat_clnt_win\chat_clnt_win\chat_clnt_win.cpp(30): warning C4996: 'sprintf': This function or variable may be unsafe. Consider using sprintf_s instead. To disable deprecation, use _CRT_SECURE_NO_WARNINGS. See online help for details.
                 d:\program files (x86)\microsoft visual studio 10.0\vc\include\stdio.h(371) : 参见“sprintf”的声明
     1>d:\visual studio 2010\projects\unit20\chat_clnt_win\chat_clnt_win\chat_clnt_win.cpp(63): warning C4996: 'sprintf': This function or variable may be unsafe. Consider using sprintf_s instead. To disable deprecation, use _CRT_SECURE_NO_WARNINGS. See online help for details.
                 d:\program files (x86)\microsoft visual studio 10.0\vc\include\stdio.h(371) : 参见“sprintf”的声明
       Link:
         d:\Program Files (x86)\Microsoft Visual Studio 10.0\VC\bin\link.exe /ERRORREPORT:PROMPT /OUT:"D:\visual studio 2010\Projects\unit20\chat_clnt_win\Debug\chat_clnt_win.exe" /NOLOGO ws2_32.lib kernel32.lib user32.lib gdi32.lib winspool.lib comdlg32.lib advapi32.lib shell32.lib ole32.lib oleaut32.lib uuid.lib odbc32.lib odbccp32.lib /MANIFEST /ManifestFile:"Debug\chat_clnt_win.exe.intermediate.manifest" /MANIFESTUAC:"level='asInvoker' uiAccess='false'" /DEBUG /PDB:"D:\visual studio 2010\Projects\unit20\chat_clnt_win\Debug\chat_clnt_win.pdb" /TLBID:1 /DYNAMICBASE /NXCOMPAT /IMPLIB:"D:\visual studio 2010\Projects\unit20\chat_clnt_win\Debug\chat_clnt_win.lib" /MACHINE:X86 Debug\chat_clnt_win.obj
         LINK : 没有找到 D:\visual studio 2010\Projects\unit20\chat_clnt_win\Debug\chat_clnt_win.exe 或上一个增量链接没有生成它；正在执行完全链接
         chat_clnt_win.vcxproj -> D:\visual studio 2010\Projects\unit20\chat_clnt_win\Debug\chat_clnt_win.exe
       Manifest:
         C:\Program Files (x86)\Microsoft SDKs\Windows\v7.0A\bin\mt.exe /nologo /verbose /outputresource:"D:\visual studio 2010\Projects\unit20\chat_clnt_win\Debug\chat_clnt_win.exe;#1" /manifest Debug\chat_clnt_win.exe.intermediate.manifest
       FinalizeBuildStatus:
         正在删除文件“Debug\chat_clnt_win.unsuccessfulbuild”。
         正在对“Debug\chat_clnt_win.lastbuildstate”执行 Touch 任务。
     1>已完成生成项目“D:\visual studio 2010\Projects\unit20\chat_clnt_win\chat_clnt_win\chat_clnt_win.vcxproj”(build 个目标)的操作。

生成成功。

已用时间 00:00:01.34
