生成启动时间为 2017/10/19 11:24:06。
     1>项目“C:\Users\NightsWatch\Documents\GitHub\ideapad\unit20\chat_serv_win\chat_serv_win\chat_serv_win.vcxproj”在节点 2 上(rebuild 个目标)。
     1>_PrepareForClean:
         正在删除文件“Debug\chat_serv_win.lastbuildstate”。
       InitializeBuildStatus:
         正在创建“Debug\chat_serv_win.unsuccessfulbuild”，因为已指定“AlwaysCreate”。
       ClCompile:
         e:\Microsoft Visual Studio 10.0\VC\bin\CL.exe /c /ZI /nologo /W3 /WX- /Od /Oy- /D _MBCS /Gm /EHsc /RTC1 /MDd /GS /fp:precise /Zc:wchar_t /Zc:forScope /Fo"Debug\\" /Fd"Debug\vc100.pdb" /Gd /TP /analyze- /errorReport:prompt chat_serv_win.cpp
         chat_serv_win.cpp
       Link:
         e:\Microsoft Visual Studio 10.0\VC\bin\link.exe /ERRORREPORT:PROMPT /OUT:"C:\Users\NightsWatch\Documents\GitHub\ideapad\unit20\chat_serv_win\Debug\chat_serv_win.exe" /NOLOGO ws2_32.lib kernel32.lib user32.lib gdi32.lib winspool.lib comdlg32.lib advapi32.lib shell32.lib ole32.lib oleaut32.lib uuid.lib odbc32.lib odbccp32.lib /MANIFEST /ManifestFile:"Debug\chat_serv_win.exe.intermediate.manifest" /MANIFESTUAC:"level='asInvoker' uiAccess='false'" /DEBUG /PDB:"C:\Users\NightsWatch\Documents\GitHub\ideapad\unit20\chat_serv_win\Debug\chat_serv_win.pdb" /TLBID:1 /DYNAMICBASE /NXCOMPAT /IMPLIB:"C:\Users\NightsWatch\Documents\GitHub\ideapad\unit20\chat_serv_win\Debug\chat_serv_win.lib" /MACHINE:X86 Debug\chat_serv_win.obj
         chat_serv_win.vcxproj -> C:\Users\NightsWatch\Documents\GitHub\ideapad\unit20\chat_serv_win\Debug\chat_serv_win.exe
       Manifest:
         C:\Program Files (x86)\Microsoft SDKs\Windows\v7.0A\bin\mt.exe /nologo /verbose /outputresource:"C:\Users\NightsWatch\Documents\GitHub\ideapad\unit20\chat_serv_win\Debug\chat_serv_win.exe;#1" /manifest Debug\chat_serv_win.exe.intermediate.manifest
       FinalizeBuildStatus:
         正在删除文件“Debug\chat_serv_win.unsuccessfulbuild”。
         正在对“Debug\chat_serv_win.lastbuildstate”执行 Touch 任务。
     1>已完成生成项目“C:\Users\NightsWatch\Documents\GitHub\ideapad\unit20\chat_serv_win\chat_serv_win\chat_serv_win.vcxproj”(rebuild 个目标)的操作。

生成成功。

已用时间 00:00:00.82
