生成启动时间为 2017/10/17 21:36:56。
     1>项目“D:\visual studio 2010\Projects\unit20\SyncSema_win\SyncSema_win\SyncSema_win.vcxproj”在节点 2 上(build 个目标)。
     1>InitializeBuildStatus:
         正在创建“Debug\SyncSema_win.unsuccessfulbuild”，因为已指定“AlwaysCreate”。
       ClCompile:
         d:\Program Files (x86)\Microsoft Visual Studio 10.0\VC\bin\CL.exe /c /ZI /nologo /W3 /WX- /Od /Oy- /D _MBCS /Gm /EHsc /RTC1 /MDd /GS /fp:precise /Zc:wchar_t /Zc:forScope /Fo"Debug\\" /Fd"Debug\vc100.pdb" /Gd /TP /analyze- /errorReport:prompt SyncSema_win.cpp
         SyncSema_win.cpp
     1>d:\visual studio 2010\projects\unit20\syncsema_win\syncsema_win\syncsema_win.cpp(36): warning C4996: 'scanf': This function or variable may be unsafe. Consider using scanf_s instead. To disable deprecation, use _CRT_SECURE_NO_WARNINGS. See online help for details.
                 d:\program files (x86)\microsoft visual studio 10.0\vc\include\stdio.h(304) : 参见“scanf”的声明
       Link:
         d:\Program Files (x86)\Microsoft Visual Studio 10.0\VC\bin\link.exe /ERRORREPORT:PROMPT /OUT:"D:\visual studio 2010\Projects\unit20\SyncSema_win\Debug\SyncSema_win.exe" /NOLOGO kernel32.lib user32.lib gdi32.lib winspool.lib comdlg32.lib advapi32.lib shell32.lib ole32.lib oleaut32.lib uuid.lib odbc32.lib odbccp32.lib /MANIFEST /ManifestFile:"Debug\SyncSema_win.exe.intermediate.manifest" /MANIFESTUAC:"level='asInvoker' uiAccess='false'" /DEBUG /PDB:"D:\visual studio 2010\Projects\unit20\SyncSema_win\Debug\SyncSema_win.pdb" /TLBID:1 /DYNAMICBASE /NXCOMPAT /IMPLIB:"D:\visual studio 2010\Projects\unit20\SyncSema_win\Debug\SyncSema_win.lib" /MACHINE:X86 Debug\SyncSema_win.obj
         LINK : 没有找到 D:\visual studio 2010\Projects\unit20\SyncSema_win\Debug\SyncSema_win.exe 或上一个增量链接没有生成它；正在执行完全链接
         SyncSema_win.vcxproj -> D:\visual studio 2010\Projects\unit20\SyncSema_win\Debug\SyncSema_win.exe
       Manifest:
         C:\Program Files (x86)\Microsoft SDKs\Windows\v7.0A\bin\mt.exe /nologo /verbose /outputresource:"D:\visual studio 2010\Projects\unit20\SyncSema_win\Debug\SyncSema_win.exe;#1" /manifest Debug\SyncSema_win.exe.intermediate.manifest
       FinalizeBuildStatus:
         正在删除文件“Debug\SyncSema_win.unsuccessfulbuild”。
         正在对“Debug\SyncSema_win.lastbuildstate”执行 Touch 任务。
     1>已完成生成项目“D:\visual studio 2010\Projects\unit20\SyncSema_win\SyncSema_win\SyncSema_win.vcxproj”(build 个目标)的操作。

生成成功。

已用时间 00:00:01.45
