生成启动时间为 2017/10/17 22:20:35。
     1>项目“D:\visual studio 2010\Projects\unit20\SyncEvent_win\SyncEvent_win\SyncEvent_win.vcxproj”在节点 2 上(build 个目标)。
     1>PrepareForBuild:
         正在创建目录“D:\visual studio 2010\Projects\unit20\SyncEvent_win\Debug\”。
       InitializeBuildStatus:
         正在创建“Debug\SyncEvent_win.unsuccessfulbuild”，因为已指定“AlwaysCreate”。
       ClCompile:
         d:\Program Files (x86)\Microsoft Visual Studio 10.0\VC\bin\CL.exe /c /ZI /nologo /W3 /WX- /Od /Oy- /D _MBCS /Gm /EHsc /RTC1 /MDd /GS /fp:precise /Zc:wchar_t /Zc:forScope /Fo"Debug\\" /Fd"Debug\vc100.pdb" /Gd /TP /analyze- /errorReport:prompt SyncEvent_win.cpp
         SyncEvent_win.cpp
       Link:
         d:\Program Files (x86)\Microsoft Visual Studio 10.0\VC\bin\link.exe /ERRORREPORT:PROMPT /OUT:"D:\visual studio 2010\Projects\unit20\SyncEvent_win\Debug\SyncEvent_win.exe" /NOLOGO kernel32.lib user32.lib gdi32.lib winspool.lib comdlg32.lib advapi32.lib shell32.lib ole32.lib oleaut32.lib uuid.lib odbc32.lib odbccp32.lib /MANIFEST /ManifestFile:"Debug\SyncEvent_win.exe.intermediate.manifest" /MANIFESTUAC:"level='asInvoker' uiAccess='false'" /DEBUG /PDB:"D:\visual studio 2010\Projects\unit20\SyncEvent_win\Debug\SyncEvent_win.pdb" /TLBID:1 /DYNAMICBASE /NXCOMPAT /IMPLIB:"D:\visual studio 2010\Projects\unit20\SyncEvent_win\Debug\SyncEvent_win.lib" /MACHINE:X86 Debug\SyncEvent_win.obj
         SyncEvent_win.vcxproj -> D:\visual studio 2010\Projects\unit20\SyncEvent_win\Debug\SyncEvent_win.exe
       Manifest:
         C:\Program Files (x86)\Microsoft SDKs\Windows\v7.0A\bin\mt.exe /nologo /verbose /outputresource:"D:\visual studio 2010\Projects\unit20\SyncEvent_win\Debug\SyncEvent_win.exe;#1" /manifest Debug\SyncEvent_win.exe.intermediate.manifest
       FinalizeBuildStatus:
         正在删除文件“Debug\SyncEvent_win.unsuccessfulbuild”。
         正在对“Debug\SyncEvent_win.lastbuildstate”执行 Touch 任务。
     1>已完成生成项目“D:\visual studio 2010\Projects\unit20\SyncEvent_win\SyncEvent_win\SyncEvent_win.vcxproj”(build 个目标)的操作。

生成成功。

已用时间 00:00:02.09
