C:\Users\NightsWatch\Documents\GitHub\ideapad\unit20\SyncMutex_win\Debug\SyncMutex_win.exe
C:\Users\NightsWatch\Documents\GitHub\ideapad\unit20\SyncMutex_win\Debug\SyncMutex_win.ilk
C:\Users\NightsWatch\Documents\GitHub\ideapad\unit20\SyncMutex_win\Debug\SyncMutex_win.pdb
C:\Users\NightsWatch\Documents\GitHub\ideapad\unit20\SyncMutex_win\SyncMutex_win\Debug\cl.command.1.tlog
C:\Users\NightsWatch\Documents\GitHub\ideapad\unit20\SyncMutex_win\SyncMutex_win\Debug\CL.read.1.tlog
C:\Users\NightsWatch\Documents\GitHub\ideapad\unit20\SyncMutex_win\SyncMutex_win\Debug\CL.write.1.tlog
C:\Users\NightsWatch\Documents\GitHub\ideapad\unit20\SyncMutex_win\SyncMutex_win\Debug\link.command.1.tlog
C:\Users\NightsWatch\Documents\GitHub\ideapad\unit20\SyncMutex_win\SyncMutex_win\Debug\link.read.1.tlog
C:\Users\NightsWatch\Documents\GitHub\ideapad\unit20\SyncMutex_win\SyncMutex_win\Debug\link.write.1.tlog
C:\Users\NightsWatch\Documents\GitHub\ideapad\unit20\SyncMutex_win\SyncMutex_win\Debug\mt.command.1.tlog
C:\Users\NightsWatch\Documents\GitHub\ideapad\unit20\SyncMutex_win\SyncMutex_win\Debug\mt.read.1.tlog
C:\Users\NightsWatch\Documents\GitHub\ideapad\unit20\SyncMutex_win\SyncMutex_win\Debug\mt.write.1.tlog
C:\Users\NightsWatch\Documents\GitHub\ideapad\unit20\SyncMutex_win\SyncMutex_win\Debug\SyncMutex_win.exe.intermediate.manifest
C:\Users\NightsWatch\Documents\GitHub\ideapad\unit20\SyncMutex_win\SyncMutex_win\Debug\SyncMutex_win.obj
C:\Users\NightsWatch\Documents\GitHub\ideapad\unit20\SyncMutex_win\SyncMutex_win\Debug\SyncMutex_win.vcxprojResolveAssemblyReference.cache
C:\Users\NightsWatch\Documents\GitHub\ideapad\unit20\SyncMutex_win\SyncMutex_win\Debug\SyncMutex_win.write.1.tlog
C:\Users\NightsWatch\Documents\GitHub\ideapad\unit20\SyncMutex_win\SyncMutex_win\Debug\vc100.idb
C:\Users\NightsWatch\Documents\GitHub\ideapad\unit20\SyncMutex_win\SyncMutex_win\Debug\vc100.pdb
D:\VISUAL STUDIO 2010\PROJECTS\UNIT20\SYNCMUTEX_WIN\DEBUG\SYNCMUTEX_WIN.EXE
D:\VISUAL STUDIO 2010\PROJECTS\UNIT20\SYNCMUTEX_WIN\DEBUG\SYNCMUTEX_WIN.ILK
D:\VISUAL STUDIO 2010\PROJECTS\UNIT20\SYNCMUTEX_WIN\DEBUG\SYNCMUTEX_WIN.PDB
D:\VISUAL STUDIO 2010\PROJECTS\UNIT20\SYNCMUTEX_WIN\SYNCMUTEX_WIN\DEBUG\SYNCMUTEX_WIN.EXE.INTERMEDIATE.MANIFEST
D:\VISUAL STUDIO 2010\PROJECTS\UNIT20\SYNCMUTEX_WIN\SYNCMUTEX_WIN\DEBUG\SYNCMUTEX_WIN.OBJ
D:\VISUAL STUDIO 2010\PROJECTS\UNIT20\SYNCMUTEX_WIN\SYNCMUTEX_WIN\DEBUG\VC100.PDB
