C:\USERS\NIGHTSWATCH\DOCUMENTS\VISUAL STUDIO 2010\PROJECTS\ALLSORT\ALLSORT\DEBUG\ALLSORT.EXE.EMBED.MANIFEST
C:\USERS\NIGHTSWATCH\DOCUMENTS\VISUAL STUDIO 2010\PROJECTS\ALLSORT\ALLSORT\DEBUG\ALLSORT.EXE.EMBED.MANIFEST.RES
C:\USERS\NIGHTSWATCH\DOCUMENTS\VISUAL STUDIO 2010\PROJECTS\ALLSORT\ALLSORT\DEBUG\ALLSORT.EXE.INTERMEDIATE.MANIFEST
C:\USERS\NIGHTSWATCH\DOCUMENTS\VISUAL STUDIO 2010\PROJECTS\ALLSORT\ALLSORT\DEBUG\ALLSORT.OBJ
C:\USERS\NIGHTSWATCH\DOCUMENTS\VISUAL STUDIO 2010\PROJECTS\ALLSORT\ALLSORT\DEBUG\ALLSORT.PCH
C:\Users\NightsWatch\Documents\Visual Studio 2010\Projects\AllSort\AllSort\Debug\AllSort.write.1.tlog
C:\Users\NightsWatch\Documents\Visual Studio 2010\Projects\AllSort\AllSort\Debug\AllSort_manifest.rc
C:\Users\NightsWatch\Documents\Visual Studio 2010\Projects\AllSort\AllSort\Debug\cl.command.1.tlog
C:\Users\NightsWatch\Documents\Visual Studio 2010\Projects\AllSort\AllSort\Debug\CL.read.1.tlog
C:\Users\NightsWatch\Documents\Visual Studio 2010\Projects\AllSort\AllSort\Debug\CL.write.1.tlog
C:\Users\NightsWatch\Documents\Visual Studio 2010\Projects\AllSort\AllSort\Debug\link.22060.read.1.tlog
C:\Users\NightsWatch\Documents\Visual Studio 2010\Projects\AllSort\AllSort\Debug\link.22060.write.1.tlog
C:\Users\NightsWatch\Documents\Visual Studio 2010\Projects\AllSort\AllSort\Debug\link.22060-cvtres.read.1.tlog
C:\Users\NightsWatch\Documents\Visual Studio 2010\Projects\AllSort\AllSort\Debug\link.22060-cvtres.write.1.tlog
C:\Users\NightsWatch\Documents\Visual Studio 2010\Projects\AllSort\AllSort\Debug\link.command.1.tlog
C:\Users\NightsWatch\Documents\Visual Studio 2010\Projects\AllSort\AllSort\Debug\link.read.1.tlog
C:\Users\NightsWatch\Documents\Visual Studio 2010\Projects\AllSort\AllSort\Debug\link.write.1.tlog
C:\Users\NightsWatch\Documents\Visual Studio 2010\Projects\AllSort\AllSort\Debug\link-cvtres.read.1.tlog
C:\Users\NightsWatch\Documents\Visual Studio 2010\Projects\AllSort\AllSort\Debug\link-cvtres.write.1.tlog
C:\Users\NightsWatch\Documents\Visual Studio 2010\Projects\AllSort\AllSort\Debug\mt.command.1.tlog
C:\Users\NightsWatch\Documents\Visual Studio 2010\Projects\AllSort\AllSort\Debug\mt.read.1.tlog
C:\Users\NightsWatch\Documents\Visual Studio 2010\Projects\AllSort\AllSort\Debug\mt.write.1.tlog
C:\Users\NightsWatch\Documents\Visual Studio 2010\Projects\AllSort\AllSort\Debug\rc.command.1.tlog
C:\Users\NightsWatch\Documents\Visual Studio 2010\Projects\AllSort\AllSort\Debug\rc.read.1.tlog
C:\Users\NightsWatch\Documents\Visual Studio 2010\Projects\AllSort\AllSort\Debug\rc.write.1.tlog
C:\USERS\NIGHTSWATCH\DOCUMENTS\VISUAL STUDIO 2010\PROJECTS\ALLSORT\ALLSORT\DEBUG\STDAFX.OBJ
C:\Users\NightsWatch\Documents\Visual Studio 2010\Projects\AllSort\AllSort\Debug\vc100.idb
C:\USERS\NIGHTSWATCH\DOCUMENTS\VISUAL STUDIO 2010\PROJECTS\ALLSORT\ALLSORT\DEBUG\VC100.PDB
C:\USERS\NIGHTSWATCH\DOCUMENTS\VISUAL STUDIO 2010\PROJECTS\ALLSORT\DEBUG\ALLSORT.EXE
C:\USERS\NIGHTSWATCH\DOCUMENTS\VISUAL STUDIO 2010\PROJECTS\ALLSORT\DEBUG\ALLSORT.ILK
C:\USERS\NIGHTSWATCH\DOCUMENTS\VISUAL STUDIO 2010\PROJECTS\ALLSORT\DEBUG\ALLSORT.PDB
