生成启动时间为 2017/12/19 14:08:29。
     1>项目“C:\Users\NightsWatch\Documents\Visual Studio 2010\Projects\AllSort\AllSort\AllSort.vcxproj”在节点 2 上(build 个目标)。
     1>InitializeBuildStatus:
         正在创建“Debug\AllSort.unsuccessfulbuild”，因为已指定“AlwaysCreate”。
       ClCompile:
         所有输出均为最新。
         e:\Microsoft Visual Studio 10.0\VC\bin\CL.exe /c /ZI /nologo /W3 /WX- /Od /Oy- /D WIN32 /D _DEBUG /D _CONSOLE /D _UNICODE /D UNICODE /Gm /EHsc /RTC1 /MDd /GS /fp:precise /Zc:wchar_t /Zc:forScope /Yu"StdAfx.h" /Fp"Debug\AllSort.pch" /Fo"Debug\\" /Fd"Debug\vc100.pdb" /Gd /TP /analyze- /errorReport:prompt AllSort.cpp
         AllSort.cpp
       ManifestResourceCompile:
         所有输出均为最新。
       Link:
         e:\Microsoft Visual Studio 10.0\VC\bin\link.exe /ERRORREPORT:PROMPT /OUT:"C:\Users\NightsWatch\Documents\Visual Studio 2010\Projects\AllSort\Debug\AllSort.exe" /INCREMENTAL /NOLOGO kernel32.lib user32.lib gdi32.lib winspool.lib comdlg32.lib advapi32.lib shell32.lib ole32.lib oleaut32.lib uuid.lib odbc32.lib odbccp32.lib /MANIFEST /ManifestFile:"Debug\AllSort.exe.intermediate.manifest" /MANIFESTUAC:"level='asInvoker' uiAccess='false'" /DEBUG /PDB:"C:\Users\NightsWatch\Documents\Visual Studio 2010\Projects\AllSort\Debug\AllSort.pdb" /SUBSYSTEM:CONSOLE /TLBID:1 /DYNAMICBASE /NXCOMPAT /IMPLIB:"C:\Users\NightsWatch\Documents\Visual Studio 2010\Projects\AllSort\Debug\AllSort.lib" /MACHINE:X86 Debug\AllSort.exe.embed.manifest.res
         Debug\AllSort.obj
         Debug\stdafx.obj
       Manifest:
         C:\Program Files (x86)\Microsoft SDKs\Windows\v7.0A\bin\mt.exe /nologo /verbose /out:"Debug\AllSort.exe.embed.manifest" /manifest Debug\AllSort.exe.intermediate.manifest
         所有输出均为最新。
       LinkEmbedManifest:
         所有输出均为最新。
         AllSort.vcxproj -> C:\Users\NightsWatch\Documents\Visual Studio 2010\Projects\AllSort\Debug\AllSort.exe
       FinalizeBuildStatus:
         正在删除文件“Debug\AllSort.unsuccessfulbuild”。
         正在对“Debug\AllSort.lastbuildstate”执行 Touch 任务。
     1>已完成生成项目“C:\Users\NightsWatch\Documents\Visual Studio 2010\Projects\AllSort\AllSort\AllSort.vcxproj”(build 个目标)的操作。

生成成功。

已用时间 00:00:01.87
